#-----------------------------------------------------------
# Vivado v2024.2 (64-bit)
# SW Build 5239630 on Fri Nov 08 22:35:27 MST 2024
# IP Build 5239520 on Sun Nov 10 16:12:51 MST 2024
# SharedData Build 5239561 on Fri Nov 08 14:39:27 MST 2024
# Start of session at: Thu Oct 30 15:25:50 2025
# Process ID         : 6108
# Current directory  : C:/Users/Varada Govind/Documents/Coding/Verilog/Sequential Logic/Counter
# Command line       : vivado.exe -gui_launcher_event rodinguilauncherevent16500 C:\Users\Varada Govind\Documents\Coding\Verilog\Sequential Logic\Counter\Counter.xpr
# Log file           : C:/Users/Varada Govind/Documents/Coding/Verilog/Sequential Logic/Counter/vivado.log
# Journal file       : C:/Users/Varada Govind/Documents/Coding/Verilog/Sequential Logic/Counter\vivado.jou
# Running On         : AsusTuf-A16
# Platform           : Windows Server 2016 or Windows 10
# Operating System   : 26200
# Processor Detail   : AMD Ryzen 7 7735HS with Radeon Graphics        
# CPU Frequency      : 3194 MHz
# CPU Physical cores : 8
# CPU Logical cores  : 16
# Host memory        : 16366 MB
# Swap memory        : 2684 MB
# Total Virtual      : 19051 MB
# Available Virtual  : 7057 MB
#-----------------------------------------------------------
start_gui
open_project {C:/Users/Varada Govind/Documents/Coding/Verilog/Sequential Logic/Counter/Counter.xpr}
INFO: [filemgmt 56-3] Default IP Output Path : Could not find the directory 'C:/Users/Varada Govind/Documents/Coding/Verilog/Sequential Logic/Counter/Counter.gen/sources_1'.
Scanning sources...
Finished scanning sources
INFO: [IP_Flow 19-234] Refreshing IP repositories
INFO: [IP_Flow 19-1704] No user IP repositories specified
INFO: [IP_Flow 19-2313] Loaded Vivado IP repository 'C:/Xilinx/Vivado/2024.2/data/ip'.
update_compile_order -fileset sources_1
exit
INFO: [Common 17-206] Exiting Vivado at Thu Oct 30 15:27:42 2025...
