#-----------------------------------------------------------
# Vivado v2024.2 (64-bit)
# SW Build 5239630 on Fri Nov 08 22:35:27 MST 2024
# IP Build 5239520 on Sun Nov 10 16:12:51 MST 2024
# SharedData Build 5239561 on Fri Nov 08 14:39:27 MST 2024
# Start of session at: Wed Jun 18 23:22:20 2025
# Process ID         : 8880
# Current directory  : C:/Users/Varada Govind/Documents/Coding/Verilog/Basic/AND Gate
# Command line       : vivado.exe -gui_launcher_event rodinguilauncherevent20444 C:\Users\Varada Govind\Documents\Coding\Verilog\Basic\AND Gate\AND_Gate.xpr
# Log file           : C:/Users/Varada Govind/Documents/Coding/Verilog/Basic/AND Gate/vivado.log
# Journal file       : C:/Users/Varada Govind/Documents/Coding/Verilog/Basic/AND Gate\vivado.jou
# Running On         : DESKTOP-0OABQQ7
# Platform           : Windows Server 2016 or Windows 10
# Operating System   : 26100
# Processor Detail   : AMD Ryzen 7 7735HS with Radeon Graphics        
# CPU Frequency      : 3194 MHz
# CPU Physical cores : 8
# CPU Logical cores  : 16
# Host memory        : 16366 MB
# Swap memory        : 13958 MB
# Total Virtual      : 30325 MB
# Available Virtual  : 15314 MB
#-----------------------------------------------------------
start_gui
open_project {C:/Users/Varada Govind/Documents/Coding/Verilog/Basic/AND Gate/AND_Gate.xpr}
INFO: [Project 1-313] Project file moved from 'C:/Users/Varada Govind/Documents/Coding/Verilog/AND_Gate' since last save.
INFO: [filemgmt 56-3] Default IP Output Path : Could not find the directory 'C:/Users/Varada Govind/Documents/Coding/Verilog/Basic/AND Gate/AND_Gate.gen/sources_1'.
Scanning sources...
Finished scanning sources
INFO: [IP_Flow 19-234] Refreshing IP repositories
INFO: [IP_Flow 19-1704] No user IP repositories specified
INFO: [IP_Flow 19-2313] Loaded Vivado IP repository 'C:/Xilinx/Vivado/2024.2/data/ip'.
open_project: Time (s): cpu = 00:00:12 ; elapsed = 00:00:06 . Memory (MB): peak = 1221.480 ; gain = 103.852
update_compile_order -fileset sources_1
exit
INFO: [Common 17-206] Exiting Vivado at Wed Jun 18 23:53:22 2025...
